\BOOKMARK [0][-]{chapter.1}{\376\377\000C\000l\000a\000s\000s\000\040\000I\000n\000d\000e\000x}{}% 1
\BOOKMARK [1][-]{section.1.1}{\376\377\000C\000l\000a\000s\000s\000\040\000L\000i\000s\000t}{chapter.1}% 2
\BOOKMARK [0][-]{chapter.2}{\376\377\000C\000l\000a\000s\000s\000\040\000D\000o\000c\000u\000m\000e\000n\000t\000a\000t\000i\000o\000n}{}% 3
\BOOKMARK [1][-]{section.2.1}{\376\377\000H\000e\000a\000t\000D\000i\000f\000f\000u\000s\000i\000o\000n\000:\000:\000D\000i\000s\000t\000a\000n\000c\000e\000:\000:\000B\000i\000h\000a\000r\000m\000o\000n\000i\000c\000D\000i\000s\000t\000a\000n\000c\000e\000\040\000C\000l\000a\000s\000s\000\040\000R\000e\000f\000e\000r\000e\000n\000c\000e}{chapter.2}% 4
\BOOKMARK [2][-]{subsection.2.1.1}{\376\377\000D\000e\000t\000a\000i\000l\000e\000d\000\040\000D\000e\000s\000c\000r\000i\000p\000t\000i\000o\000n}{section.2.1}% 5
\BOOKMARK [2][-]{subsection.2.1.2}{\376\377\000C\000o\000n\000s\000t\000r\000u\000c\000t\000o\000r\000\040\000\046\000\040\000D\000e\000s\000t\000r\000u\000c\000t\000o\000r\000\040\000D\000o\000c\000u\000m\000e\000n\000t\000a\000t\000i\000o\000n}{section.2.1}% 6
\BOOKMARK [3][-]{subsubsection.2.1.2.1}{\376\377\000B\000i\000h\000a\000r\000m\000o\000n\000i\000c\000D\000i\000s\000t\000a\000n\000c\000e}{subsection.2.1.2}% 7
\BOOKMARK [3][-]{subsubsection.2.1.2.2}{\376\377\000B\000i\000h\000a\000r\000m\000o\000n\000i\000c\000D\000i\000s\000t\000a\000n\000c\000e}{subsection.2.1.2}% 8
\BOOKMARK [2][-]{subsection.2.1.3}{\376\377\000M\000e\000m\000b\000e\000r\000\040\000F\000u\000n\000c\000t\000i\000o\000n\000\040\000D\000o\000c\000u\000m\000e\000n\000t\000a\000t\000i\000o\000n}{section.2.1}% 9
\BOOKMARK [3][-]{subsubsection.2.1.3.1}{\376\377\000c\000o\000m\000p\000u\000t\000e\000S\000q\000u\000a\000r\000e\000d\000D\000i\000s\000t\000a\000n\000c\000e}{subsection.2.1.3}% 10
\BOOKMARK [3][-]{subsubsection.2.1.3.2}{\376\377\000s\000e\000t\000E\000i\000g\000e\000n\000d\000e\000c\000o\000m\000p\000o\000s\000i\000t\000i\000o\000n}{subsection.2.1.3}% 11
\BOOKMARK [3][-]{subsubsection.2.1.3.3}{\376\377\000s\000e\000t\000N\000u\000m\000b\000e\000r\000E\000i\000g\000e\000n\000v\000a\000l\000u\000e\000s}{subsection.2.1.3}% 12
\BOOKMARK [3][-]{subsubsection.2.1.3.4}{\376\377\000s\000e\000t\000N\000u\000m\000b\000e\000r\000V\000e\000r\000t\000i\000c\000e\000s}{subsection.2.1.3}% 13
\BOOKMARK [1][-]{section.2.2}{\376\377\000H\000e\000a\000t\000D\000i\000f\000f\000u\000s\000i\000o\000n\000:\000:\000D\000i\000s\000t\000a\000n\000c\000e\000:\000:\000C\000o\000n\000m\000u\000t\000e\000T\000i\000m\000e\000D\000i\000s\000t\000a\000n\000c\000e\000\040\000C\000l\000a\000s\000s\000\040\000R\000e\000f\000e\000r\000e\000n\000c\000e}{chapter.2}% 14
\BOOKMARK [2][-]{subsection.2.2.1}{\376\377\000D\000e\000t\000a\000i\000l\000e\000d\000\040\000D\000e\000s\000c\000r\000i\000p\000t\000i\000o\000n}{section.2.2}% 15
\BOOKMARK [2][-]{subsection.2.2.2}{\376\377\000C\000o\000n\000s\000t\000r\000u\000c\000t\000o\000r\000\040\000\046\000\040\000D\000e\000s\000t\000r\000u\000c\000t\000o\000r\000\040\000D\000o\000c\000u\000m\000e\000n\000t\000a\000t\000i\000o\000n}{section.2.2}% 16
\BOOKMARK [3][-]{subsubsection.2.2.2.1}{\376\377\000C\000o\000n\000m\000u\000t\000e\000T\000i\000m\000e\000D\000i\000s\000t\000a\000n\000c\000e}{subsection.2.2.2}% 17
\BOOKMARK [3][-]{subsubsection.2.2.2.2}{\376\377\000C\000o\000n\000m\000u\000t\000e\000T\000i\000m\000e\000D\000i\000s\000t\000a\000n\000c\000e}{subsection.2.2.2}% 18
\BOOKMARK [2][-]{subsection.2.2.3}{\376\377\000M\000e\000m\000b\000e\000r\000\040\000F\000u\000n\000c\000t\000i\000o\000n\000\040\000D\000o\000c\000u\000m\000e\000n\000t\000a\000t\000i\000o\000n}{section.2.2}% 19
\BOOKMARK [3][-]{subsubsection.2.2.3.1}{\376\377\000c\000o\000m\000p\000u\000t\000e\000S\000q\000u\000a\000r\000e\000d\000D\000i\000s\000t\000a\000n\000c\000e}{subsection.2.2.3}% 20
\BOOKMARK [3][-]{subsubsection.2.2.3.2}{\376\377\000s\000e\000t\000E\000i\000g\000e\000n\000d\000e\000c\000o\000m\000p\000o\000s\000i\000t\000i\000o\000n}{subsection.2.2.3}% 21
\BOOKMARK [3][-]{subsubsection.2.2.3.3}{\376\377\000s\000e\000t\000N\000u\000m\000b\000e\000r\000E\000i\000g\000e\000n\000v\000a\000l\000u\000e\000s}{subsection.2.2.3}% 22
\BOOKMARK [3][-]{subsubsection.2.2.3.4}{\376\377\000s\000e\000t\000N\000u\000m\000b\000e\000r\000V\000e\000r\000t\000i\000c\000e\000s}{subsection.2.2.3}% 23
\BOOKMARK [1][-]{section.2.3}{\376\377\000H\000e\000a\000t\000D\000i\000f\000f\000u\000s\000i\000o\000n\000:\000:\000D\000i\000s\000t\000a\000n\000c\000e\000:\000:\000D\000i\000f\000f\000u\000s\000i\000o\000n\000D\000i\000s\000t\000a\000n\000c\000e\000\040\000C\000l\000a\000s\000s\000\040\000R\000e\000f\000e\000r\000e\000n\000c\000e}{chapter.2}% 24
\BOOKMARK [2][-]{subsection.2.3.1}{\376\377\000D\000e\000t\000a\000i\000l\000e\000d\000\040\000D\000e\000s\000c\000r\000i\000p\000t\000i\000o\000n}{section.2.3}% 25
\BOOKMARK [2][-]{subsection.2.3.2}{\376\377\000C\000o\000n\000s\000t\000r\000u\000c\000t\000o\000r\000\040\000\046\000\040\000D\000e\000s\000t\000r\000u\000c\000t\000o\000r\000\040\000D\000o\000c\000u\000m\000e\000n\000t\000a\000t\000i\000o\000n}{section.2.3}% 26
\BOOKMARK [3][-]{subsubsection.2.3.2.1}{\376\377\000D\000i\000f\000f\000u\000s\000i\000o\000n\000D\000i\000s\000t\000a\000n\000c\000e}{subsection.2.3.2}% 27
\BOOKMARK [3][-]{subsubsection.2.3.2.2}{\376\377\000D\000i\000f\000f\000u\000s\000i\000o\000n\000D\000i\000s\000t\000a\000n\000c\000e}{subsection.2.3.2}% 28
\BOOKMARK [2][-]{subsection.2.3.3}{\376\377\000M\000e\000m\000b\000e\000r\000\040\000F\000u\000n\000c\000t\000i\000o\000n\000\040\000D\000o\000c\000u\000m\000e\000n\000t\000a\000t\000i\000o\000n}{section.2.3}% 29
\BOOKMARK [3][-]{subsubsection.2.3.3.1}{\376\377\000c\000o\000m\000p\000u\000t\000e\000S\000q\000u\000a\000r\000e\000d\000D\000i\000s\000t\000a\000n\000c\000e}{subsection.2.3.3}% 30
\BOOKMARK [3][-]{subsubsection.2.3.3.2}{\376\377\000s\000e\000t\000E\000i\000g\000e\000n\000d\000e\000c\000o\000m\000p\000o\000s\000i\000t\000i\000o\000n}{subsection.2.3.3}% 31
\BOOKMARK [3][-]{subsubsection.2.3.3.3}{\376\377\000s\000e\000t\000N\000u\000m\000b\000e\000r\000E\000i\000g\000e\000n\000v\000a\000l\000u\000e\000s}{subsection.2.3.3}% 32
\BOOKMARK [3][-]{subsubsection.2.3.3.4}{\376\377\000s\000e\000t\000N\000u\000m\000b\000e\000r\000V\000e\000r\000t\000i\000c\000e\000s}{subsection.2.3.3}% 33
\BOOKMARK [1][-]{section.2.4}{\376\377\000H\000e\000a\000t\000D\000i\000f\000f\000u\000s\000i\000o\000n\000:\000:\000D\000e\000s\000c\000r\000i\000p\000t\000o\000r\000:\000:\000H\000e\000a\000t\000K\000e\000r\000n\000e\000l\000S\000i\000g\000n\000a\000t\000u\000r\000e\000\040\000C\000l\000a\000s\000s\000\040\000R\000e\000f\000e\000r\000e\000n\000c\000e}{chapter.2}% 34
\BOOKMARK [2][-]{subsection.2.4.1}{\376\377\000D\000e\000t\000a\000i\000l\000e\000d\000\040\000D\000e\000s\000c\000r\000i\000p\000t\000i\000o\000n}{section.2.4}% 35
\BOOKMARK [2][-]{subsection.2.4.2}{\376\377\000C\000o\000n\000s\000t\000r\000u\000c\000t\000o\000r\000\040\000\046\000\040\000D\000e\000s\000t\000r\000u\000c\000t\000o\000r\000\040\000D\000o\000c\000u\000m\000e\000n\000t\000a\000t\000i\000o\000n}{section.2.4}% 36
\BOOKMARK [3][-]{subsubsection.2.4.2.1}{\376\377\000H\000e\000a\000t\000K\000e\000r\000n\000e\000l\000S\000i\000g\000n\000a\000t\000u\000r\000e}{subsection.2.4.2}% 37
\BOOKMARK [3][-]{subsubsection.2.4.2.2}{\376\377\000H\000e\000a\000t\000K\000e\000r\000n\000e\000l\000S\000i\000g\000n\000a\000t\000u\000r\000e}{subsection.2.4.2}% 38
\BOOKMARK [2][-]{subsection.2.4.3}{\376\377\000M\000e\000m\000b\000e\000r\000\040\000F\000u\000n\000c\000t\000i\000o\000n\000\040\000D\000o\000c\000u\000m\000e\000n\000t\000a\000t\000i\000o\000n}{section.2.4}% 39
\BOOKMARK [3][-]{subsubsection.2.4.3.1}{\376\377\000c\000o\000m\000p\000u\000t\000e\000D\000e\000s\000c\000r\000i\000p\000t\000o\000r}{subsection.2.4.3}% 40
\BOOKMARK [3][-]{subsubsection.2.4.3.2}{\376\377\000g\000e\000t\000D\000e\000s\000c\000r\000i\000p\000t\000o\000r\000s}{subsection.2.4.3}% 41
\BOOKMARK [3][-]{subsubsection.2.4.3.3}{\376\377\000s\000e\000t\000D\000e\000s\000c\000r\000i\000p\000t\000o\000r\000D\000i\000m\000e\000n\000s\000i\000o\000n}{subsection.2.4.3}% 42
\BOOKMARK [3][-]{subsubsection.2.4.3.4}{\376\377\000s\000e\000t\000E\000i\000g\000e\000n\000d\000e\000c\000o\000m\000p\000o\000s\000i\000t\000i\000o\000n}{subsection.2.4.3}% 43
\BOOKMARK [3][-]{subsubsection.2.4.3.5}{\376\377\000s\000e\000t\000N\000u\000m\000b\000e\000r\000E\000i\000g\000e\000n\000v\000a\000l\000u\000e\000s}{subsection.2.4.3}% 44
\BOOKMARK [3][-]{subsubsection.2.4.3.6}{\376\377\000s\000e\000t\000N\000u\000m\000b\000e\000r\000V\000e\000r\000t\000i\000c\000e\000s}{subsection.2.4.3}% 45
\BOOKMARK [1][-]{section.2.5}{\376\377\000H\000e\000a\000t\000D\000i\000f\000f\000u\000s\000i\000o\000n\000:\000:\000L\000a\000p\000l\000a\000c\000i\000a\000n\000\040\000C\000l\000a\000s\000s\000\040\000R\000e\000f\000e\000r\000e\000n\000c\000e}{chapter.2}% 46
\BOOKMARK [2][-]{subsection.2.5.1}{\376\377\000D\000e\000t\000a\000i\000l\000e\000d\000\040\000D\000e\000s\000c\000r\000i\000p\000t\000i\000o\000n}{section.2.5}% 47
\BOOKMARK [2][-]{subsection.2.5.2}{\376\377\000C\000o\000n\000s\000t\000r\000u\000c\000t\000o\000r\000\040\000\046\000\040\000D\000e\000s\000t\000r\000u\000c\000t\000o\000r\000\040\000D\000o\000c\000u\000m\000e\000n\000t\000a\000t\000i\000o\000n}{section.2.5}% 48
\BOOKMARK [3][-]{subsubsection.2.5.2.1}{\376\377\000L\000a\000p\000l\000a\000c\000i\000a\000n}{subsection.2.5.2}% 49
\BOOKMARK [3][-]{subsubsection.2.5.2.2}{\376\377\000L\000a\000p\000l\000a\000c\000i\000a\000n}{subsection.2.5.2}% 50
\BOOKMARK [3][-]{subsubsection.2.5.2.3}{\376\377\000L\000a\000p\000l\000a\000c\000i\000a\000n}{subsection.2.5.2}% 51
\BOOKMARK [2][-]{subsection.2.5.3}{\376\377\000M\000e\000m\000b\000e\000r\000\040\000F\000u\000n\000c\000t\000i\000o\000n\000\040\000D\000o\000c\000u\000m\000e\000n\000t\000a\000t\000i\000o\000n}{section.2.5}% 52
\BOOKMARK [3][-]{subsubsection.2.5.3.1}{\376\377\000c\000o\000m\000p\000u\000t\000e}{subsection.2.5.3}% 53
\BOOKMARK [3][-]{subsubsection.2.5.3.2}{\376\377\000g\000e\000t\000A\000r\000e\000a\000s}{subsection.2.5.3}% 54
\BOOKMARK [3][-]{subsubsection.2.5.3.3}{\376\377\000g\000e\000t\000E\000v\000a\000l\000s}{subsection.2.5.3}% 55
\BOOKMARK [3][-]{subsubsection.2.5.3.4}{\376\377\000g\000e\000t\000E\000v\000e\000c\000s}{subsection.2.5.3}% 56
\BOOKMARK [3][-]{subsubsection.2.5.3.5}{\376\377\000g\000e\000t\000N\000u\000m\000E\000i\000g\000e\000n\000v\000a\000l\000u\000e\000s}{subsection.2.5.3}% 57
\BOOKMARK [3][-]{subsubsection.2.5.3.6}{\376\377\000s\000e\000t\000G\000e\000o\000m\000e\000t\000r\000y\000D\000a\000t\000a}{subsection.2.5.3}% 58
\BOOKMARK [3][-]{subsubsection.2.5.3.7}{\376\377\000s\000e\000t\000N\000u\000m\000b\000e\000r\000E\000i\000g\000e\000n\000v\000a\000l\000u\000e\000s}{subsection.2.5.3}% 59
\BOOKMARK [3][-]{subsubsection.2.5.3.8}{\376\377\000s\000e\000t\000T\000y\000p\000e}{subsection.2.5.3}% 60
\BOOKMARK [1][-]{section.2.6}{\376\377\000H\000e\000a\000t\000D\000i\000f\000f\000u\000s\000i\000o\000n\000:\000:\000V\000e\000c\000t\000o\000r\000\040\000C\000l\000a\000s\000s\000\040\000R\000e\000f\000e\000r\000e\000n\000c\000e}{chapter.2}% 61
\BOOKMARK [1][-]{section.2.7}{\376\377\000H\000e\000a\000t\000D\000i\000f\000f\000u\000s\000i\000o\000n\000:\000:\000D\000e\000s\000c\000r\000i\000p\000t\000o\000r\000:\000:\000W\000a\000v\000e\000K\000e\000r\000n\000e\000l\000S\000i\000g\000n\000a\000t\000u\000r\000e\000\040\000C\000l\000a\000s\000s\000\040\000R\000e\000f\000e\000r\000e\000n\000c\000e}{chapter.2}% 62
\BOOKMARK [2][-]{subsection.2.7.1}{\376\377\000D\000e\000t\000a\000i\000l\000e\000d\000\040\000D\000e\000s\000c\000r\000i\000p\000t\000i\000o\000n}{section.2.7}% 63
\BOOKMARK [2][-]{subsection.2.7.2}{\376\377\000C\000o\000n\000s\000t\000r\000u\000c\000t\000o\000r\000\040\000\046\000\040\000D\000e\000s\000t\000r\000u\000c\000t\000o\000r\000\040\000D\000o\000c\000u\000m\000e\000n\000t\000a\000t\000i\000o\000n}{section.2.7}% 64
\BOOKMARK [3][-]{subsubsection.2.7.2.1}{\376\377\000W\000a\000v\000e\000K\000e\000r\000n\000e\000l\000S\000i\000g\000n\000a\000t\000u\000r\000e}{subsection.2.7.2}% 65
\BOOKMARK [3][-]{subsubsection.2.7.2.2}{\376\377\000W\000a\000v\000e\000K\000e\000r\000n\000e\000l\000S\000i\000g\000n\000a\000t\000u\000r\000e}{subsection.2.7.2}% 66
\BOOKMARK [2][-]{subsection.2.7.3}{\376\377\000M\000e\000m\000b\000e\000r\000\040\000F\000u\000n\000c\000t\000i\000o\000n\000\040\000D\000o\000c\000u\000m\000e\000n\000t\000a\000t\000i\000o\000n}{section.2.7}% 67
\BOOKMARK [3][-]{subsubsection.2.7.3.1}{\376\377\000c\000o\000m\000p\000u\000t\000e\000D\000e\000s\000c\000r\000i\000p\000t\000o\000r}{subsection.2.7.3}% 68
\BOOKMARK [3][-]{subsubsection.2.7.3.2}{\376\377\000g\000e\000t\000D\000e\000s\000c\000r\000i\000p\000t\000o\000r\000s}{subsection.2.7.3}% 69
\BOOKMARK [3][-]{subsubsection.2.7.3.3}{\376\377\000s\000e\000t\000D\000e\000s\000c\000r\000i\000p\000t\000o\000r\000D\000i\000m\000e\000n\000s\000i\000o\000n}{subsection.2.7.3}% 70
\BOOKMARK [3][-]{subsubsection.2.7.3.4}{\376\377\000s\000e\000t\000E\000i\000g\000e\000n\000d\000e\000c\000o\000m\000p\000o\000s\000i\000t\000i\000o\000n}{subsection.2.7.3}% 71
\BOOKMARK [3][-]{subsubsection.2.7.3.5}{\376\377\000s\000e\000t\000N\000u\000m\000b\000e\000r\000E\000i\000g\000e\000n\000v\000a\000l\000u\000e\000s}{subsection.2.7.3}% 72
\BOOKMARK [3][-]{subsubsection.2.7.3.6}{\376\377\000s\000e\000t\000N\000u\000m\000b\000e\000r\000V\000e\000r\000t\000i\000c\000e\000s}{subsection.2.7.3}% 73
\BOOKMARK [0][-]{section*.14}{\376\377\000I\000n\000d\000e\000x}{}% 74
